\BOOKMARK [1][-]{section.1}{1. Wake Up With Difficulties Breaking and Messed up Meta and Bill Gates Clearly intent on Continuing to Harm Me}{}% 1
\BOOKMARK [1][-]{section.2}{2. Substantial Work}{}% 2
\BOOKMARK [1][-]{section.3}{3. Latent Exponential Model for Q7-Q17}{}% 3
\BOOKMARK [1][-]{section.4}{4. All Things Fleeting Are Washed Away in Tides of Fate}{}% 4
\BOOKMARK [1][-]{section.5}{5. Correspondence between Bernoulli and Exponential}{}% 5
\BOOKMARK [1][-]{section.6}{6. Creating Artificial Exponential Data}{}% 6
\BOOKMARK [1][-]{section.7}{7. My Assessment of Bill Gates}{}% 7
\BOOKMARK [1][-]{section.8}{8. Structure of My Argument To Extinguish All Race Theories}{}% 8
\BOOKMARK [1][-]{section.9}{9. Why is this Timeless?}{}% 9
\BOOKMARK [1][-]{section.10}{10. Zulf Picks His Battles With Care}{}% 10
\BOOKMARK [1][-]{section.11}{11. Formality is Important}{}% 11
\BOOKMARK [1][-]{section.12}{12. A p=0.10 Success for Q11}{}% 12
\BOOKMARK [1][-]{section.13}{13. My Assessment of this Success}{}% 13
\BOOKMARK [1][-]{section.14}{14. Some Failures and Successes}{}% 14
\BOOKMARK [1][-]{section.15}{15. Exploration Asymmetric Bad Fits}{}% 15
\BOOKMARK [1][-]{section.16}{16. Why Failures are Part of the Show In Science}{}% 16
\BOOKMARK [1][-]{section.17}{17. A Success for Q17}{}% 17
\BOOKMARK [1][-]{section.18}{18. A Success For Q8}{}% 18
\BOOKMARK [1][-]{section.19}{19. Success For Q10}{}% 19
\BOOKMARK [1][-]{section.20}{20. Success for Q11}{}% 20
\BOOKMARK [1][-]{section.21}{21. Success for Q12}{}% 21
\BOOKMARK [1][-]{section.22}{22. New Hypothesis}{}% 22
\BOOKMARK [1][-]{section.23}{23. Success With Q14}{}% 23
\BOOKMARK [1][-]{section.24}{24. Success for Q9}{}% 24
\BOOKMARK [1][-]{section.25}{25. Success For Q7}{}% 25
\BOOKMARK [1][-]{section.26}{26. Success for Q13}{}% 26
\BOOKMARK [1][-]{section.27}{27. Success for Q15}{}% 27
\BOOKMARK [1][-]{section.28}{28. Success For Q16}{}% 28
