\BOOKMARK [1][-]{section.1}{1. Graphical Evolution in Emotional Distance}{}% 1
\BOOKMARK [1][-]{section.2}{2. Human Race Emotional Distance-Trust Model Proposal}{}% 2
\BOOKMARK [1][-]{section.3}{3. Interpolation of Barndorff-Nielsen Theta Parameters}{}% 3
\BOOKMARK [1][-]{section.4}{4. Problem in Paradise}{}% 4
\BOOKMARK [1][-]{section.5}{5. Analogy with Quant Models in Finance}{}% 5
\BOOKMARK [1][-]{section.6}{6. Expected Characteristics of A Scientific Theory of Trust}{}% 6
\BOOKMARK [1][-]{section.7}{7. Tinkering and Manual Adjustments}{}% 7
\BOOKMARK [1][-]{section.8}{8. Subproblem: Transform Data For Univariate Linear Fits}{}% 8
\BOOKMARK [1][-]{section.9}{9. An Analogue of EM Algorithm}{}% 9
\BOOKMARK [1][-]{section.10}{10. Trials and Tribulations of Unorthodox Algorithms}{}% 10
\BOOKMARK [1][-]{section.11}{11. Fit R-squared does improve with moving times around}{}% 11
\BOOKMARK [1][-]{section.12}{12. Another Pass With Better Results}{}% 12
\BOOKMARK [1][-]{section.13}{13. Expected Solution}{}% 13
\BOOKMARK [1][-]{section.14}{14. What is Clear}{}% 14
\BOOKMARK [1][-]{section.15}{15. Trust Parameter R-Squares}{}% 15
\BOOKMARK [1][-]{section.16}{16. Failure Of Method For East Asians}{}% 16
\BOOKMARK [1][-]{section.17}{17. I Will Leave The Model In the Imperfect State}{}% 17
\BOOKMARK [2][-]{subsection.17.1}{17.1. Arabs}{section.17}% 18
\BOOKMARK [2][-]{subsection.17.2}{17.2. Blacks}{section.17}% 19
\BOOKMARK [2][-]{subsection.17.3}{17.3. East Asians}{section.17}% 20
\BOOKMARK [2][-]{subsection.17.4}{17.4. Indians}{section.17}% 21
\BOOKMARK [2][-]{subsection.17.5}{17.5. White}{section.17}% 22
\BOOKMARK [1][-]{section.18}{18. Technical Conclusion}{}% 23
\BOOKMARK [1][-]{section.19}{19. Minor Improvements}{}% 24
\BOOKMARK [2][-]{subsection.19.1}{19.1. Arabs}{section.19}% 25
\BOOKMARK [2][-]{subsection.19.2}{19.2. Blacks}{section.19}% 26
\BOOKMARK [2][-]{subsection.19.3}{19.3. East Asian}{section.19}% 27
\BOOKMARK [2][-]{subsection.19.4}{19.4. Indian}{section.19}% 28
\BOOKMARK [2][-]{subsection.19.5}{19.5. Other}{section.19}% 29
\BOOKMARK [2][-]{subsection.19.6}{19.6. White}{section.19}% 30
\BOOKMARK [2][-]{subsection.19.7}{19.7. Code}{section.19}% 31
